# JRE version: OpenJDK Runtime Environment Temurin-17.0.3+7 (17.0.3+7) (build 17.0.3+7)
# Java VM: OpenJDK 64-Bit Server VM Temurin-17.0.3+7 (17.0.3+7, mixed mode, emulated-client, tiered, compressed oops, compressed class ptrs, g1 gc, windows-amd64)
GC Precious Log:
 CPUs: 4 total, 4 available
 Memory: 4009M
 Large Page Support: Disabled
 NUMA Support: Disabled
 Compressed Oops: Enabled (32-bit)
 Heap Region Size: 1M
 Heap Min Capacity: 8M
 Heap Initial Capacity: 64M
 Heap Max Capacity: 1004M
 Pre-touch: Disabled
 Parallel Workers: 4
 Concurrent Workers: 1
 Concurrent Refinement Workers: 4
 Periodic GC: Disabled
Heap:
 garbage-first heap   total 222208K, used 88336K [0x00000000c1400000, 0x0000000100000000)
  region size 1024K, 9 young (9216K), 9 survivors (9216K)
 Metaspace       used 34313K, committed 34688K, reserved 1081344K
  class space    used 4460K, committed 4608K, reserved 1048576K
GC Heap History (20 events):
Event: 20.458 GC heap after
{Heap after GC invocations=27 (full 0):
 garbage-first heap   total 87040K, used 45291K [0x00000000c1400000, 0x0000000100000000)
  region size 1024K, 2 young (2048K), 2 survivors (2048K)
 Metaspace       used 34311K, committed 34688K, reserved 1081344K
  class space    used 4460K, committed 4608K, reserved 1048576K
}
Event: 20.703 GC heap before
{Heap before GC invocations=27 (full 0):
 garbage-first heap   total 101376K, used 65771K [0x00000000c1400000, 0x0000000100000000)
  region size 1024K, 23 young (23552K), 2 survivors (2048K)
 Metaspace       used 34311K, committed 34688K, reserved 1081344K
  class space    used 4460K, committed 4608K, reserved 1048576K
}
Event: 20.708 GC heap after
{Heap after GC invocations=28 (full 0):
 garbage-first heap   total 222208K, used 46210K [0x00000000c1400000, 0x0000000100000000)
  region size 1024K, 3 young (3072K), 3 survivors (3072K)
 Metaspace       used 34311K, committed 34688K, reserved 1081344K
  class space    used 4460K, committed 4608K, reserved 1048576K
}
Event: 21.865 GC heap before
{Heap before GC invocations=29 (full 0):
 garbage-first heap   total 222208K, used 144514K [0x00000000c1400000, 0x0000000100000000)
  region size 1024K, 100 young (102400K), 3 survivors (3072K)
 Metaspace       used 34311K, committed 34688K, reserved 1081344K
  class space    used 4460K, committed 4608K, reserved 1048576K
}
Event: 21.898 GC heap after
{Heap after GC invocations=30 (full 0):
 garbage-first heap   total 222208K, used 51043K [0x00000000c1400000, 0x0000000100000000)
  region size 1024K, 7 young (7168K), 7 survivors (7168K)
 Metaspace       used 34311K, committed 34688K, reserved 1081344K
  class space    used 4460K, committed 4608K, reserved 1048576K
}
Event: 21.939 GC heap before
{Heap before GC invocations=30 (full 0):
 garbage-first heap   total 222208K, used 53091K [0x00000000c1400000, 0x0000000100000000)
  region size 1024K, 10 young (10240K), 7 survivors (7168K)
 Metaspace       used 34311K, committed 34688K, reserved 1081344K
  class space    used 4460K, committed 4608K, reserved 1048576K
}
Event: 21.968 GC heap after
{Heap after GC invocations=31 (full 0):
 garbage-first heap   total 222208K, used 51330K [0x00000000c1400000, 0x0000000100000000)
  region size 1024K, 1 young (1024K), 1 survivors (1024K)
 Metaspace       used 34311K, committed 34688K, reserved 1081344K
  class space    used 4460K, committed 4608K, reserved 1048576K
}
Event: 22.748 GC heap before
{Heap before GC invocations=31 (full 0):
 garbage-first heap   total 222208K, used 169090K [0x00000000c1400000, 0x0000000100000000)
  region size 1024K, 117 young (119808K), 1 survivors (1024K)
 Metaspace       used 34311K, committed 34688K, reserved 1081344K
  class space    used 4460K, committed 4608K, reserved 1048576K
}
Event: 22.773 GC heap after
{Heap after GC invocations=32 (full 0):
 garbage-first heap   total 222208K, used 56468K [0x00000000c1400000, 0x0000000100000000)
  region size 1024K, 6 young (6144K), 6 survivors (6144K)
 Metaspace       used 34311K, committed 34688K, reserved 1081344K
  class space    used 4460K, committed 4608K, reserved 1048576K
}
Event: 23.804 GC heap before
{Heap before GC invocations=32 (full 0):
 garbage-first heap   total 222208K, used 172180K [0x00000000c1400000, 0x0000000100000000)
  region size 1024K, 120 young (122880K), 6 survivors (6144K)
 Metaspace       used 34311K, committed 34688K, reserved 1081344K
  class space    used 4460K, committed 4608K, reserved 1048576K
}
Event: 23.835 GC heap after
{Heap after GC invocations=33 (full 0):
 garbage-first heap   total 222208K, used 62271K [0x00000000c1400000, 0x0000000100000000)
  region size 1024K, 12 young (12288K), 12 survivors (12288K)
 Metaspace       used 34311K, committed 34688K, reserved 1081344K
  class space    used 4460K, committed 4608K, reserved 1048576K
}
Event: 24.599 GC heap before
{Heap before GC invocations=33 (full 0):
 garbage-first heap   total 222208K, used 175935K [0x00000000c1400000, 0x0000000100000000)
  region size 1024K, 124 young (126976K), 12 survivors (12288K)
 Metaspace       used 34311K, committed 34688K, reserved 1081344K
  class space    used 4460K, committed 4608K, reserved 1048576K
}
Event: 24.632 GC heap after
{Heap after GC invocations=34 (full 0):
 garbage-first heap   total 222208K, used 68064K [0x00000000c1400000, 0x0000000100000000)
  region size 1024K, 12 young (12288K), 12 survivors (12288K)
 Metaspace       used 34311K, committed 34688K, reserved 1081344K
  class space    used 4460K, committed 4608K, reserved 1048576K
}
Event: 25.080 GC heap before
{Heap before GC invocations=34 (full 0):
 garbage-first heap   total 222208K, used 178656K [0x00000000c1400000, 0x0000000100000000)
  region size 1024K, 121 young (123904K), 12 survivors (12288K)
 Metaspace       used 34311K, committed 34688K, reserved 1081344K
  class space    used 4460K, committed 4608K, reserved 1048576K
}
Event: 25.101 GC heap after
{Heap after GC invocations=35 (full 0):
 garbage-first heap   total 222208K, used 74829K [0x00000000c1400000, 0x0000000100000000)
  region size 1024K, 13 young (13312K), 13 survivors (13312K)
 Metaspace       used 34311K, committed 34688K, reserved 1081344K
  class space    used 4460K, committed 4608K, reserved 1048576K
}
Event: 25.988 GC heap before
{Heap before GC invocations=35 (full 0):
 garbage-first heap   total 222208K, used 182349K [0x00000000c1400000, 0x0000000100000000)
  region size 1024K, 119 young (121856K), 13 survivors (13312K)
 Metaspace       used 34311K, committed 34688K, reserved 1081344K
  class space    used 4460K, committed 4608K, reserved 1048576K
}
Event: 26.006 GC heap after
{Heap after GC invocations=36 (full 0):
 garbage-first heap   total 222208K, used 78834K [0x00000000c1400000, 0x0000000100000000)
  region size 1024K, 11 young (11264K), 11 survivors (11264K)
 Metaspace       used 34311K, committed 34688K, reserved 1081344K
  class space    used 4460K, committed 4608K, reserved 1048576K
}
Event: 26.320 GC heap before
{Heap before GC invocations=36 (full 0):
 garbage-first heap   total 222208K, used 184306K [0x00000000c1400000, 0x0000000100000000)
  region size 1024K, 114 young (116736K), 11 survivors (11264K)
 Metaspace       used 34313K, committed 34688K, reserved 1081344K
  class space    used 4460K, committed 4608K, reserved 1048576K
}
Event: 26.337 GC heap after
{Heap after GC invocations=37 (full 0):
 garbage-first heap   total 222208K, used 82966K [0x00000000c1400000, 0x0000000100000000)
  region size 1024K, 9 young (9216K), 9 survivors (9216K)
 Metaspace       used 34313K, committed 34688K, reserved 1081344K
  class space    used 4460K, committed 4608K, reserved 1048576K
}
Event: 26.709 GC heap before
{Heap before GC invocations=37 (full 0):
 garbage-first heap   total 222208K, used 184342K [0x00000000c1400000, 0x0000000100000000)
  region size 1024K, 109 young (111616K), 9 survivors (9216K)
 Metaspace       used 34313K, committed 34688K, reserved 1081344K
  class space    used 4460K, committed 4608K, reserved 1048576K
}

