# JRE version: OpenJDK Runtime Environment Temurin-17.0.3+7 (17.0.3+7) (build 17.0.3+7)
# Java VM: OpenJDK 64-Bit Server VM Temurin-17.0.3+7 (17.0.3+7, mixed mode, emulated-client, tiered, compressed oops, compressed class ptrs, g1 gc, windows-amd64)
GC Precious Log:
 CPUs: 4 total, 4 available
 Memory: 4009M
 Large Page Support: Disabled
 NUMA Support: Disabled
 Compressed Oops: Enabled (32-bit)
 Heap Region Size: 1M
 Heap Min Capacity: 8M
 Heap Initial Capacity: 64M
 Heap Max Capacity: 1004M
 Pre-touch: Disabled
 Parallel Workers: 4
 Concurrent Workers: 1
 Concurrent Refinement Workers: 4
 Periodic GC: Disabled
Heap:
 garbage-first heap   total 319488K, used 128567K [0x00000000c1400000, 0x0000000100000000)
  region size 1024K, 2 young (2048K), 2 survivors (2048K)
 Metaspace       used 50416K, committed 50816K, reserved 1097728K
  class space    used 6582K, committed 6784K, reserved 1048576K
GC Heap History (20 events):
Event: 27.965 GC heap after
{Heap after GC invocations=37 (full 0):
 garbage-first heap   total 263168K, used 135553K [0x00000000c1400000, 0x0000000100000000)
  region size 1024K, 12 young (12288K), 12 survivors (12288K)
 Metaspace       used 43812K, committed 44096K, reserved 1089536K
  class space    used 5393K, committed 5504K, reserved 1048576K
}
Event: 28.482 GC heap before
{Heap before GC invocations=37 (full 0):
 garbage-first heap   total 263168K, used 221569K [0x00000000c1400000, 0x0000000100000000)
  region size 1024K, 97 young (99328K), 12 survivors (12288K)
 Metaspace       used 43815K, committed 44096K, reserved 1089536K
  class space    used 5393K, committed 5504K, reserved 1048576K
}
Event: 28.503 GC heap after
{Heap after GC invocations=38 (full 0):
 garbage-first heap   total 263168K, used 140149K [0x00000000c1400000, 0x0000000100000000)
  region size 1024K, 11 young (11264K), 11 survivors (11264K)
 Metaspace       used 43815K, committed 44096K, reserved 1089536K
  class space    used 5393K, committed 5504K, reserved 1048576K
}
Event: 29.082 GC heap before
{Heap before GC invocations=38 (full 0):
 garbage-first heap   total 263168K, used 222069K [0x00000000c1400000, 0x0000000100000000)
  region size 1024K, 92 young (94208K), 11 survivors (11264K)
 Metaspace       used 43815K, committed 44096K, reserved 1089536K
  class space    used 5393K, committed 5504K, reserved 1048576K
}
Event: 29.099 GC heap after
{Heap after GC invocations=39 (full 0):
 garbage-first heap   total 263168K, used 144466K [0x00000000c1400000, 0x0000000100000000)
  region size 1024K, 9 young (9216K), 9 survivors (9216K)
 Metaspace       used 43815K, committed 44096K, reserved 1089536K
  class space    used 5393K, committed 5504K, reserved 1048576K
}
Event: 29.449 GC heap before
{Heap before GC invocations=39 (full 0):
 garbage-first heap   total 263168K, used 223314K [0x00000000c1400000, 0x0000000100000000)
  region size 1024K, 87 young (89088K), 9 survivors (9216K)
 Metaspace       used 43815K, committed 44096K, reserved 1089536K
  class space    used 5393K, committed 5504K, reserved 1048576K
}
Event: 29.462 GC heap after
{Heap after GC invocations=40 (full 0):
 garbage-first heap   total 263168K, used 148126K [0x00000000c1400000, 0x0000000100000000)
  region size 1024K, 8 young (8192K), 8 survivors (8192K)
 Metaspace       used 43815K, committed 44096K, reserved 1089536K
  class space    used 5393K, committed 5504K, reserved 1048576K
}
Event: 29.781 GC heap before
{Heap before GC invocations=40 (full 0):
 garbage-first heap   total 263168K, used 224926K [0x00000000c1400000, 0x0000000100000000)
  region size 1024K, 84 young (86016K), 8 survivors (8192K)
 Metaspace       used 43815K, committed 44096K, reserved 1089536K
  class space    used 5393K, committed 5504K, reserved 1048576K
}
Event: 29.792 GC heap after
{Heap after GC invocations=41 (full 0):
 garbage-first heap   total 293888K, used 152668K [0x00000000c1400000, 0x0000000100000000)
  region size 1024K, 9 young (9216K), 9 survivors (9216K)
 Metaspace       used 43815K, committed 44096K, reserved 1089536K
  class space    used 5393K, committed 5504K, reserved 1048576K
}
Event: 31.241 GC heap before
{Heap before GC invocations=42 (full 0):
 garbage-first heap   total 306176K, used 248924K [0x00000000c1400000, 0x0000000100000000)
  region size 1024K, 104 young (106496K), 9 survivors (9216K)
 Metaspace       used 43858K, committed 44160K, reserved 1089536K
  class space    used 5399K, committed 5504K, reserved 1048576K
}
Event: 31.340 GC heap after
{Heap after GC invocations=43 (full 0):
 garbage-first heap   total 306176K, used 165509K [0x00000000c1400000, 0x0000000100000000)
  region size 1024K, 13 young (13312K), 13 survivors (13312K)
 Metaspace       used 43858K, committed 44160K, reserved 1089536K
  class space    used 5399K, committed 5504K, reserved 1048576K
}
Event: 31.377 GC heap before
{Heap before GC invocations=43 (full 0):
 garbage-first heap   total 306176K, used 166533K [0x00000000c1400000, 0x0000000100000000)
  region size 1024K, 14 young (14336K), 13 survivors (13312K)
 Metaspace       used 43858K, committed 44160K, reserved 1089536K
  class space    used 5399K, committed 5504K, reserved 1048576K
}
Event: 31.428 GC heap after
{Heap after GC invocations=44 (full 0):
 garbage-first heap   total 306176K, used 164393K [0x00000000c1400000, 0x0000000100000000)
  region size 1024K, 2 young (2048K), 2 survivors (2048K)
 Metaspace       used 43858K, committed 44160K, reserved 1089536K
  class space    used 5399K, committed 5504K, reserved 1048576K
}
Event: 35.708 GC heap before
{Heap before GC invocations=44 (full 0):
 garbage-first heap   total 306176K, used 251433K [0x00000000c1400000, 0x0000000100000000)
  region size 1024K, 88 young (90112K), 2 survivors (2048K)
 Metaspace       used 48544K, committed 48960K, reserved 1097728K
  class space    used 6313K, committed 6528K, reserved 1048576K
}
Event: 35.767 GC heap after
{Heap after GC invocations=45 (full 0):
 garbage-first heap   total 306176K, used 189825K [0x00000000c1400000, 0x0000000100000000)
  region size 1024K, 11 young (11264K), 11 survivors (11264K)
 Metaspace       used 48544K, committed 48960K, reserved 1097728K
  class space    used 6313K, committed 6528K, reserved 1048576K
}
Event: 37.182 GC heap before
{Heap before GC invocations=46 (full 0):
 garbage-first heap   total 319488K, used 241025K [0x00000000c1400000, 0x0000000100000000)
  region size 1024K, 68 young (69632K), 11 survivors (11264K)
 Metaspace       used 50377K, committed 50816K, reserved 1097728K
  class space    used 6578K, committed 6784K, reserved 1048576K
}
Event: 37.230 GC heap after
{Heap after GC invocations=47 (full 0):
 garbage-first heap   total 319488K, used 188242K [0x00000000c1400000, 0x0000000100000000)
  region size 1024K, 5 young (5120K), 5 survivors (5120K)
 Metaspace       used 50377K, committed 50816K, reserved 1097728K
  class space    used 6578K, committed 6784K, reserved 1048576K
}
Event: 37.401 GC heap before
{Heap before GC invocations=47 (full 0):
 garbage-first heap   total 319488K, used 198482K [0x00000000c1400000, 0x0000000100000000)
  region size 1024K, 15 young (15360K), 5 survivors (5120K)
 Metaspace       used 50407K, committed 50816K, reserved 1097728K
  class space    used 6580K, committed 6784K, reserved 1048576K
}
Event: 37.429 GC heap after
{Heap after GC invocations=48 (full 0):
 garbage-first heap   total 319488K, used 157563K [0x00000000c1400000, 0x0000000100000000)
  region size 1024K, 1 young (1024K), 1 survivors (1024K)
 Metaspace       used 50407K, committed 50816K, reserved 1097728K
  class space    used 6580K, committed 6784K, reserved 1048576K
}
Event: 37.575 GC heap before
{Heap before GC invocations=48 (full 0):
 garbage-first heap   total 319488K, used 171899K [0x00000000c1400000, 0x0000000100000000)
  region size 1024K, 15 young (15360K), 1 survivors (1024K)
 Metaspace       used 50416K, committed 50816K, reserved 1097728K
  class space    used 6582K, committed 6784K, reserved 1048576K
}

