# JRE version: OpenJDK Runtime Environment Temurin-17.0.3+7 (17.0.3+7) (build 17.0.3+7)
# Java VM: OpenJDK 64-Bit Server VM Temurin-17.0.3+7 (17.0.3+7, mixed mode, emulated-client, tiered, compressed oops, compressed class ptrs, g1 gc, windows-amd64)
GC Precious Log:
 CPUs: 4 total, 4 available
 Memory: 4009M
 Large Page Support: Disabled
 NUMA Support: Disabled
 Compressed Oops: Enabled (32-bit)
 Heap Region Size: 1M
 Heap Min Capacity: 8M
 Heap Initial Capacity: 64M
 Heap Max Capacity: 1004M
 Pre-touch: Disabled
 Parallel Workers: 4
 Concurrent Workers: 1
 Concurrent Refinement Workers: 4
 Periodic GC: Disabled
Heap:
 garbage-first heap   total 109568K, used 34429K [0x00000000c1400000, 0x0000000100000000)
  region size 1024K, 1 young (1024K), 0 survivors (0K)
 Metaspace       used 54546K, committed 55040K, reserved 1097728K
  class space    used 7240K, committed 7488K, reserved 1048576K
GC Heap History (20 events):
Event: 32112.640 GC heap before
{Heap before GC invocations=1968 (full 1165):
 garbage-first heap   total 109568K, used 93377K [0x00000000c1400000, 0x0000000100000000)
  region size 1024K, 58 young (59392K), 2 survivors (2048K)
 Metaspace       used 54546K, committed 55040K, reserved 1097728K
  class space    used 7240K, committed 7488K, reserved 1048576K
}
Event: 32112.643 GC heap after
{Heap after GC invocations=1969 (full 1165):
 garbage-first heap   total 109568K, used 35255K [0x00000000c1400000, 0x0000000100000000)
  region size 1024K, 1 young (1024K), 1 survivors (1024K)
 Metaspace       used 54546K, committed 55040K, reserved 1097728K
  class space    used 7240K, committed 7488K, reserved 1048576K
}
Event: 32117.266 GC heap before
{Heap before GC invocations=1969 (full 1165):
 garbage-first heap   total 109568K, used 92599K [0x00000000c1400000, 0x0000000100000000)
  region size 1024K, 58 young (59392K), 1 survivors (1024K)
 Metaspace       used 54546K, committed 55040K, reserved 1097728K
  class space    used 7240K, committed 7488K, reserved 1048576K
}
Event: 32117.269 GC heap after
{Heap after GC invocations=1970 (full 1165):
 garbage-first heap   total 109568K, used 35379K [0x00000000c1400000, 0x0000000100000000)
  region size 1024K, 1 young (1024K), 1 survivors (1024K)
 Metaspace       used 54546K, committed 55040K, reserved 1097728K
  class space    used 7240K, committed 7488K, reserved 1048576K
}
Event: 32120.809 GC heap before
{Heap before GC invocations=1970 (full 1165):
 garbage-first heap   total 109568K, used 93747K [0x00000000c1400000, 0x0000000100000000)
  region size 1024K, 58 young (59392K), 1 survivors (1024K)
 Metaspace       used 54546K, committed 55040K, reserved 1097728K
  class space    used 7240K, committed 7488K, reserved 1048576K
}
Event: 32120.812 GC heap after
{Heap after GC invocations=1971 (full 1165):
 garbage-first heap   total 109568K, used 35341K [0x00000000c1400000, 0x0000000100000000)
  region size 1024K, 1 young (1024K), 1 survivors (1024K)
 Metaspace       used 54546K, committed 55040K, reserved 1097728K
  class space    used 7240K, committed 7488K, reserved 1048576K
}
Event: 32124.813 GC heap before
{Heap before GC invocations=1971 (full 1165):
 garbage-first heap   total 109568K, used 93709K [0x00000000c1400000, 0x0000000100000000)
  region size 1024K, 58 young (59392K), 1 survivors (1024K)
 Metaspace       used 54546K, committed 55040K, reserved 1097728K
  class space    used 7240K, committed 7488K, reserved 1048576K
}
Event: 32124.816 GC heap after
{Heap after GC invocations=1972 (full 1165):
 garbage-first heap   total 109568K, used 35931K [0x00000000c1400000, 0x0000000100000000)
  region size 1024K, 2 young (2048K), 2 survivors (2048K)
 Metaspace       used 54546K, committed 55040K, reserved 1097728K
  class space    used 7240K, committed 7488K, reserved 1048576K
}
Event: 32132.146 GC heap before
{Heap before GC invocations=1972 (full 1165):
 garbage-first heap   total 109568K, used 93275K [0x00000000c1400000, 0x0000000100000000)
  region size 1024K, 58 young (59392K), 2 survivors (2048K)
 Metaspace       used 54546K, committed 55040K, reserved 1097728K
  class space    used 7240K, committed 7488K, reserved 1048576K
}
Event: 32132.151 GC heap after
{Heap after GC invocations=1973 (full 1165):
 garbage-first heap   total 109568K, used 35404K [0x00000000c1400000, 0x0000000100000000)
  region size 1024K, 1 young (1024K), 1 survivors (1024K)
 Metaspace       used 54546K, committed 55040K, reserved 1097728K
  class space    used 7240K, committed 7488K, reserved 1048576K
}
Event: 32136.753 GC heap before
{Heap before GC invocations=1973 (full 1165):
 garbage-first heap   total 109568K, used 92748K [0x00000000c1400000, 0x0000000100000000)
  region size 1024K, 58 young (59392K), 1 survivors (1024K)
 Metaspace       used 54546K, committed 55040K, reserved 1097728K
  class space    used 7240K, committed 7488K, reserved 1048576K
}
Event: 32136.755 GC heap after
{Heap after GC invocations=1974 (full 1165):
 garbage-first heap   total 109568K, used 35681K [0x00000000c1400000, 0x0000000100000000)
  region size 1024K, 2 young (2048K), 2 survivors (2048K)
 Metaspace       used 54546K, committed 55040K, reserved 1097728K
  class space    used 7240K, committed 7488K, reserved 1048576K
}
Event: 32139.522 GC heap before
{Heap before GC invocations=1974 (full 1165):
 garbage-first heap   total 109568K, used 93025K [0x00000000c1400000, 0x0000000100000000)
  region size 1024K, 58 young (59392K), 2 survivors (2048K)
 Metaspace       used 54546K, committed 55040K, reserved 1097728K
  class space    used 7240K, committed 7488K, reserved 1048576K
}
Event: 32139.524 GC heap after
{Heap after GC invocations=1975 (full 1165):
 garbage-first heap   total 109568K, used 35987K [0x00000000c1400000, 0x0000000100000000)
  region size 1024K, 2 young (2048K), 2 survivors (2048K)
 Metaspace       used 54546K, committed 55040K, reserved 1097728K
  class space    used 7240K, committed 7488K, reserved 1048576K
}
Event: 32145.919 GC heap before
{Heap before GC invocations=1975 (full 1165):
 garbage-first heap   total 109568K, used 93331K [0x00000000c1400000, 0x0000000100000000)
  region size 1024K, 58 young (59392K), 2 survivors (2048K)
 Metaspace       used 54546K, committed 55040K, reserved 1097728K
  class space    used 7240K, committed 7488K, reserved 1048576K
}
Event: 32145.925 GC heap after
{Heap after GC invocations=1976 (full 1165):
 garbage-first heap   total 109568K, used 35696K [0x00000000c1400000, 0x0000000100000000)
  region size 1024K, 2 young (2048K), 2 survivors (2048K)
 Metaspace       used 54546K, committed 55040K, reserved 1097728K
  class space    used 7240K, committed 7488K, reserved 1048576K
}
Event: 32182.588 GC heap before
{Heap before GC invocations=1976 (full 1165):
 garbage-first heap   total 109568K, used 37744K [0x00000000c1400000, 0x0000000100000000)
  region size 1024K, 5 young (5120K), 2 survivors (2048K)
 Metaspace       used 54546K, committed 55040K, reserved 1097728K
  class space    used 7240K, committed 7488K, reserved 1048576K
}
Event: 32183.396 GC heap after
{Heap after GC invocations=1977 (full 1166):
 garbage-first heap   total 109568K, used 34472K [0x00000000c1400000, 0x0000000100000000)
  region size 1024K, 0 young (0K), 0 survivors (0K)
 Metaspace       used 54546K, committed 55040K, reserved 1097728K
  class space    used 7240K, committed 7488K, reserved 1048576K
}
Event: 32193.894 GC heap before
{Heap before GC invocations=1977 (full 1166):
 garbage-first heap   total 109568K, used 34472K [0x00000000c1400000, 0x0000000100000000)
  region size 1024K, 1 young (1024K), 0 survivors (0K)
 Metaspace       used 54546K, committed 55040K, reserved 1097728K
  class space    used 7240K, committed 7488K, reserved 1048576K
}
Event: 32193.985 GC heap after
{Heap after GC invocations=1978 (full 1167):
 garbage-first heap   total 109568K, used 34429K [0x00000000c1400000, 0x0000000100000000)
  region size 1024K, 0 young (0K), 0 survivors (0K)
 Metaspace       used 54546K, committed 55040K, reserved 1097728K
  class space    used 7240K, committed 7488K, reserved 1048576K
}

