# JRE version: OpenJDK Runtime Environment Temurin-17.0.3+7 (17.0.3+7) (build 17.0.3+7)
# Java VM: OpenJDK 64-Bit Server VM Temurin-17.0.3+7 (17.0.3+7, mixed mode, emulated-client, tiered, compressed oops, compressed class ptrs, g1 gc, windows-amd64)
GC Precious Log:
 CPUs: 4 total, 4 available
 Memory: 4009M
 Large Page Support: Disabled
 NUMA Support: Disabled
 Compressed Oops: Enabled (32-bit)
 Heap Region Size: 1M
 Heap Min Capacity: 8M
 Heap Initial Capacity: 64M
 Heap Max Capacity: 1004M
 Pre-touch: Disabled
 Parallel Workers: 4
 Concurrent Workers: 1
 Concurrent Refinement Workers: 4
 Periodic GC: Disabled
Heap:
 garbage-first heap   total 109568K, used 32635K [0x00000000c1400000, 0x0000000100000000)
  region size 1024K, 1 young (1024K), 0 survivors (0K)
 Metaspace       used 52892K, committed 53248K, reserved 1097728K
  class space    used 6958K, committed 7104K, reserved 1048576K
GC Heap History (20 events):
Event: 27434.072 GC heap before
{Heap before GC invocations=1576 (full 1381):
 garbage-first heap   total 109568K, used 32635K [0x00000000c1400000, 0x0000000100000000)
  region size 1024K, 1 young (1024K), 0 survivors (0K)
 Metaspace       used 52892K, committed 53248K, reserved 1097728K
  class space    used 6958K, committed 7104K, reserved 1048576K
}
Event: 27434.168 GC heap after
{Heap after GC invocations=1577 (full 1382):
 garbage-first heap   total 109568K, used 32635K [0x00000000c1400000, 0x0000000100000000)
  region size 1024K, 0 young (0K), 0 survivors (0K)
 Metaspace       used 52892K, committed 53248K, reserved 1097728K
  class space    used 6958K, committed 7104K, reserved 1048576K
}
Event: 27444.539 GC heap before
{Heap before GC invocations=1577 (full 1382):
 garbage-first heap   total 109568K, used 32635K [0x00000000c1400000, 0x0000000100000000)
  region size 1024K, 1 young (1024K), 0 survivors (0K)
 Metaspace       used 52892K, committed 53248K, reserved 1097728K
  class space    used 6958K, committed 7104K, reserved 1048576K
}
Event: 27444.624 GC heap after
{Heap after GC invocations=1578 (full 1383):
 garbage-first heap   total 109568K, used 32635K [0x00000000c1400000, 0x0000000100000000)
  region size 1024K, 0 young (0K), 0 survivors (0K)
 Metaspace       used 52892K, committed 53248K, reserved 1097728K
  class space    used 6958K, committed 7104K, reserved 1048576K
}
Event: 27455.028 GC heap before
{Heap before GC invocations=1578 (full 1383):
 garbage-first heap   total 109568K, used 32635K [0x00000000c1400000, 0x0000000100000000)
  region size 1024K, 1 young (1024K), 0 survivors (0K)
 Metaspace       used 52892K, committed 53248K, reserved 1097728K
  class space    used 6958K, committed 7104K, reserved 1048576K
}
Event: 27455.115 GC heap after
{Heap after GC invocations=1579 (full 1384):
 garbage-first heap   total 109568K, used 32635K [0x00000000c1400000, 0x0000000100000000)
  region size 1024K, 0 young (0K), 0 survivors (0K)
 Metaspace       used 52892K, committed 53248K, reserved 1097728K
  class space    used 6958K, committed 7104K, reserved 1048576K
}
Event: 27465.542 GC heap before
{Heap before GC invocations=1579 (full 1384):
 garbage-first heap   total 109568K, used 32635K [0x00000000c1400000, 0x0000000100000000)
  region size 1024K, 1 young (1024K), 0 survivors (0K)
 Metaspace       used 52892K, committed 53248K, reserved 1097728K
  class space    used 6958K, committed 7104K, reserved 1048576K
}
Event: 27465.630 GC heap after
{Heap after GC invocations=1580 (full 1385):
 garbage-first heap   total 109568K, used 32635K [0x00000000c1400000, 0x0000000100000000)
  region size 1024K, 0 young (0K), 0 survivors (0K)
 Metaspace       used 52892K, committed 53248K, reserved 1097728K
  class space    used 6958K, committed 7104K, reserved 1048576K
}
Event: 27475.969 GC heap before
{Heap before GC invocations=1580 (full 1385):
 garbage-first heap   total 109568K, used 32635K [0x00000000c1400000, 0x0000000100000000)
  region size 1024K, 1 young (1024K), 0 survivors (0K)
 Metaspace       used 52892K, committed 53248K, reserved 1097728K
  class space    used 6958K, committed 7104K, reserved 1048576K
}
Event: 27476.056 GC heap after
{Heap after GC invocations=1581 (full 1386):
 garbage-first heap   total 109568K, used 32635K [0x00000000c1400000, 0x0000000100000000)
  region size 1024K, 0 young (0K), 0 survivors (0K)
 Metaspace       used 52892K, committed 53248K, reserved 1097728K
  class space    used 6958K, committed 7104K, reserved 1048576K
}
Event: 27486.432 GC heap before
{Heap before GC invocations=1581 (full 1386):
 garbage-first heap   total 109568K, used 32635K [0x00000000c1400000, 0x0000000100000000)
  region size 1024K, 1 young (1024K), 0 survivors (0K)
 Metaspace       used 52892K, committed 53248K, reserved 1097728K
  class space    used 6958K, committed 7104K, reserved 1048576K
}
Event: 27486.526 GC heap after
{Heap after GC invocations=1582 (full 1387):
 garbage-first heap   total 109568K, used 32635K [0x00000000c1400000, 0x0000000100000000)
  region size 1024K, 0 young (0K), 0 survivors (0K)
 Metaspace       used 52892K, committed 53248K, reserved 1097728K
  class space    used 6958K, committed 7104K, reserved 1048576K
}
Event: 27496.916 GC heap before
{Heap before GC invocations=1582 (full 1387):
 garbage-first heap   total 109568K, used 32635K [0x00000000c1400000, 0x0000000100000000)
  region size 1024K, 1 young (1024K), 0 survivors (0K)
 Metaspace       used 52892K, committed 53248K, reserved 1097728K
  class space    used 6958K, committed 7104K, reserved 1048576K
}
Event: 27497.007 GC heap after
{Heap after GC invocations=1583 (full 1388):
 garbage-first heap   total 109568K, used 32635K [0x00000000c1400000, 0x0000000100000000)
  region size 1024K, 0 young (0K), 0 survivors (0K)
 Metaspace       used 52892K, committed 53248K, reserved 1097728K
  class space    used 6958K, committed 7104K, reserved 1048576K
}
Event: 27507.400 GC heap before
{Heap before GC invocations=1583 (full 1388):
 garbage-first heap   total 109568K, used 32635K [0x00000000c1400000, 0x0000000100000000)
  region size 1024K, 1 young (1024K), 0 survivors (0K)
 Metaspace       used 52892K, committed 53248K, reserved 1097728K
  class space    used 6958K, committed 7104K, reserved 1048576K
}
Event: 27507.481 GC heap after
{Heap after GC invocations=1584 (full 1389):
 garbage-first heap   total 109568K, used 32635K [0x00000000c1400000, 0x0000000100000000)
  region size 1024K, 0 young (0K), 0 survivors (0K)
 Metaspace       used 52892K, committed 53248K, reserved 1097728K
  class space    used 6958K, committed 7104K, reserved 1048576K
}
Event: 27517.942 GC heap before
{Heap before GC invocations=1584 (full 1389):
 garbage-first heap   total 109568K, used 32635K [0x00000000c1400000, 0x0000000100000000)
  region size 1024K, 1 young (1024K), 0 survivors (0K)
 Metaspace       used 52892K, committed 53248K, reserved 1097728K
  class space    used 6958K, committed 7104K, reserved 1048576K
}
Event: 27518.047 GC heap after
{Heap after GC invocations=1585 (full 1390):
 garbage-first heap   total 109568K, used 32635K [0x00000000c1400000, 0x0000000100000000)
  region size 1024K, 0 young (0K), 0 survivors (0K)
 Metaspace       used 52892K, committed 53248K, reserved 1097728K
  class space    used 6958K, committed 7104K, reserved 1048576K
}
Event: 27528.390 GC heap before
{Heap before GC invocations=1585 (full 1390):
 garbage-first heap   total 109568K, used 32635K [0x00000000c1400000, 0x0000000100000000)
  region size 1024K, 1 young (1024K), 0 survivors (0K)
 Metaspace       used 52892K, committed 53248K, reserved 1097728K
  class space    used 6958K, committed 7104K, reserved 1048576K
}
Event: 27528.492 GC heap after
{Heap after GC invocations=1586 (full 1391):
 garbage-first heap   total 109568K, used 32635K [0x00000000c1400000, 0x0000000100000000)
  region size 1024K, 0 young (0K), 0 survivors (0K)
 Metaspace       used 52892K, committed 53248K, reserved 1097728K
  class space    used 6958K, committed 7104K, reserved 1048576K
}

