# JRE version: Java(TM) SE Runtime Environment (8.0_201-b09) (build 1.8.0_201-b09)
# Java VM: Java HotSpot(TM) 64-Bit Server VM (25.201-b09 mixed mode windows-amd64 compressed oops)
Heap:
 PSYoungGen      total 141824K, used 31082K [0x00000000eb180000, 0x00000000f7b00000, 0x0000000100000000)
  eden space 128000K, 24% used [0x00000000eb180000,0x00000000ecfdaa28,0x00000000f2e80000)
  from space 13824K, 0% used [0x00000000f2e80000,0x00000000f2e80000,0x00000000f3c00000)
  to   space 14848K, 0% used [0x00000000f6c80000,0x00000000f6c80000,0x00000000f7b00000)
 ParOldGen       total 69632K, used 26450K [0x00000000c1400000, 0x00000000c5800000, 0x00000000eb180000)
  object space 69632K, 37% used [0x00000000c1400000,0x00000000c2dd4be0,0x00000000c5800000)
 Metaspace       used 58044K, capacity 61902K, committed 62100K, reserved 1103872K
  class space    used 7913K, capacity 8532K, committed 8636K, reserved 1048576K
GC Heap History (10 events):
Event: 15.349 GC heap before
{Heap before GC invocations=12 (full 1):
 PSYoungGen      total 98304K, used 10979K [0x00000000eb180000, 0x00000000f1d00000, 0x0000000100000000)
  eden space 90624K, 3% used [0x00000000eb180000,0x00000000eb4b98e0,0x00000000f0a00000)
  from space 7680K, 99% used [0x00000000f1380000,0x00000000f1aff488,0x00000000f1b00000)
  to   space 9728K, 0% used [0x00000000f0a00000,0x00000000f0a00000,0x00000000f1380000)
 ParOldGen       total 31232K, used 11860K [0x00000000c1400000, 0x00000000c3280000, 0x00000000eb180000)
  object space 31232K, 37% used [0x00000000c1400000,0x00000000c1f95048,0x00000000c3280000)
 Metaspace       used 33240K, capacity 35314K, committed 35416K, reserved 1079296K
  class space    used 4340K, capacity 4682K, committed 4736K, reserved 1048576K
Event: 15.367 GC heap after
Heap after GC invocations=12 (full 1):
 PSYoungGen      total 100352K, used 629K [0x00000000eb180000, 0x00000000f4980000, 0x0000000100000000)
  eden space 90624K, 0% used [0x00000000eb180000,0x00000000eb180000,0x00000000f0a00000)
  from space 9728K, 6% used [0x00000000f0a00000,0x00000000f0a9d430,0x00000000f1380000)
  to   space 10240K, 0% used [0x00000000f3f80000,0x00000000f3f80000,0x00000000f4980000)
 ParOldGen       total 31232K, used 18153K [0x00000000c1400000, 0x00000000c3280000, 0x00000000eb180000)
  object space 31232K, 58% used [0x00000000c1400000,0x00000000c25ba440,0x00000000c3280000)
 Metaspace       used 33240K, capacity 35314K, committed 35416K, reserved 1079296K
  class space    used 4340K, capacity 4682K, committed 4736K, reserved 1048576K
}
Event: 15.367 GC heap before
{Heap before GC invocations=13 (full 2):
 PSYoungGen      total 100352K, used 629K [0x00000000eb180000, 0x00000000f4980000, 0x0000000100000000)
  eden space 90624K, 0% used [0x00000000eb180000,0x00000000eb180000,0x00000000f0a00000)
  from space 9728K, 6% used [0x00000000f0a00000,0x00000000f0a9d430,0x00000000f1380000)
  to   space 10240K, 0% used [0x00000000f3f80000,0x00000000f3f80000,0x00000000f4980000)
 ParOldGen       total 31232K, used 18153K [0x00000000c1400000, 0x00000000c3280000, 0x00000000eb180000)
  object space 31232K, 58% used [0x00000000c1400000,0x00000000c25ba440,0x00000000c3280000)
 Metaspace       used 33240K, capacity 35314K, committed 35416K, reserved 1079296K
  class space    used 4340K, capacity 4682K, committed 4736K, reserved 1048576K
Event: 15.561 GC heap after
Heap after GC invocations=13 (full 2):
 PSYoungGen      total 100352K, used 0K [0x00000000eb180000, 0x00000000f4980000, 0x0000000100000000)
  eden space 90624K, 0% used [0x00000000eb180000,0x00000000eb180000,0x00000000f0a00000)
  from space 9728K, 0% used [0x00000000f0a00000,0x00000000f0a00000,0x00000000f1380000)
  to   space 10240K, 0% used [0x00000000f3f80000,0x00000000f3f80000,0x00000000f4980000)
 ParOldGen       total 44544K, used 11640K [0x00000000c1400000, 0x00000000c3f80000, 0x00000000eb180000)
  object space 44544K, 26% used [0x00000000c1400000,0x00000000c1f5e3e8,0x00000000c3f80000)
 Metaspace       used 33240K, capacity 35314K, committed 35416K, reserved 1079296K
  class space    used 4340K, capacity 4682K, committed 4736K, reserved 1048576K
}
Event: 21.904 GC heap before
{Heap before GC invocations=14 (full 2):
 PSYoungGen      total 100352K, used 90624K [0x00000000eb180000, 0x00000000f4980000, 0x0000000100000000)
  eden space 90624K, 100% used [0x00000000eb180000,0x00000000f0a00000,0x00000000f0a00000)
  from space 9728K, 0% used [0x00000000f0a00000,0x00000000f0a00000,0x00000000f1380000)
  to   space 10240K, 0% used [0x00000000f3f80000,0x00000000f3f80000,0x00000000f4980000)
 ParOldGen       total 44544K, used 11640K [0x00000000c1400000, 0x00000000c3f80000, 0x00000000eb180000)
  object space 44544K, 26% used [0x00000000c1400000,0x00000000c1f5e3e8,0x00000000c3f80000)
 Metaspace       used 47130K, capacity 49616K, committed 49880K, reserved 1091584K
  class space    used 6380K, capacity 6813K, committed 6912K, reserved 1048576K
Event: 21.943 GC heap after
Heap after GC invocations=14 (full 2):
 PSYoungGen      total 137728K, used 10215K [0x00000000eb180000, 0x00000000f4980000, 0x0000000100000000)
  eden space 127488K, 0% used [0x00000000eb180000,0x00000000eb180000,0x00000000f2e00000)
  from space 10240K, 99% used [0x00000000f3f80000,0x00000000f4979c70,0x00000000f4980000)
  to   space 13824K, 0% used [0x00000000f2e80000,0x00000000f2e80000,0x00000000f3c00000)
 ParOldGen       total 44544K, used 17005K [0x00000000c1400000, 0x00000000c3f80000, 0x00000000eb180000)
  object space 44544K, 38% used [0x00000000c1400000,0x00000000c249b5f0,0x00000000c3f80000)
 Metaspace       used 47130K, capacity 49616K, committed 49880K, reserved 1091584K
  class space    used 6380K, capacity 6813K, committed 6912K, reserved 1048576K
}
Event: 27.499 GC heap before
{Heap before GC invocations=15 (full 2):
 PSYoungGen      total 137728K, used 128642K [0x00000000eb180000, 0x00000000f4980000, 0x0000000100000000)
  eden space 127488K, 92% used [0x00000000eb180000,0x00000000f2526bf8,0x00000000f2e00000)
  from space 10240K, 99% used [0x00000000f3f80000,0x00000000f4979c70,0x00000000f4980000)
  to   space 13824K, 0% used [0x00000000f2e80000,0x00000000f2e80000,0x00000000f3c00000)
 ParOldGen       total 44544K, used 17005K [0x00000000c1400000, 0x00000000c3f80000, 0x00000000eb180000)
  object space 44544K, 38% used [0x00000000c1400000,0x00000000c249b5f0,0x00000000c3f80000)
 Metaspace       used 55546K, capacity 59004K, committed 59028K, reserved 1099776K
  class space    used 7553K, capacity 8109K, committed 8124K, reserved 1048576K
Event: 27.580 GC heap after
Heap after GC invocations=15 (full 2):
 PSYoungGen      total 141824K, used 10653K [0x00000000eb180000, 0x00000000f7b00000, 0x0000000100000000)
  eden space 128000K, 0% used [0x00000000eb180000,0x00000000eb180000,0x00000000f2e80000)
  from space 13824K, 77% used [0x00000000f2e80000,0x00000000f38e7570,0x00000000f3c00000)
  to   space 14848K, 0% used [0x00000000f6c80000,0x00000000f6c80000,0x00000000f7b00000)
 ParOldGen       total 44544K, used 22815K [0x00000000c1400000, 0x00000000c3f80000, 0x00000000eb180000)
  object space 44544K, 51% used [0x00000000c1400000,0x00000000c2a47e58,0x00000000c3f80000)
 Metaspace       used 55546K, capacity 59004K, committed 59028K, reserved 1099776K
  class space    used 7553K, capacity 8109K, committed 8124K, reserved 1048576K
}
Event: 27.580 GC heap before
{Heap before GC invocations=16 (full 3):
 PSYoungGen      total 141824K, used 10653K [0x00000000eb180000, 0x00000000f7b00000, 0x0000000100000000)
  eden space 128000K, 0% used [0x00000000eb180000,0x00000000eb180000,0x00000000f2e80000)
  from space 13824K, 77% used [0x00000000f2e80000,0x00000000f38e7570,0x00000000f3c00000)
  to   space 14848K, 0% used [0x00000000f6c80000,0x00000000f6c80000,0x00000000f7b00000)
 ParOldGen       total 44544K, used 22815K [0x00000000c1400000, 0x00000000c3f80000, 0x00000000eb180000)
  object space 44544K, 51% used [0x00000000c1400000,0x00000000c2a47e58,0x00000000c3f80000)
 Metaspace       used 55546K, capacity 59004K, committed 59028K, reserved 1099776K
  class space    used 7553K, capacity 8109K, committed 8124K, reserved 1048576K
Event: 28.138 GC heap after
Heap after GC invocations=16 (full 3):
 PSYoungGen      total 141824K, used 0K [0x00000000eb180000, 0x00000000f7b00000, 0x0000000100000000)
  eden space 128000K, 0% used [0x00000000eb180000,0x00000000eb180000,0x00000000f2e80000)
  from space 13824K, 0% used [0x00000000f2e80000,0x00000000f2e80000,0x00000000f3c00000)
  to   space 14848K, 0% used [0x00000000f6c80000,0x00000000f6c80000,0x00000000f7b00000)
 ParOldGen       total 69632K, used 26450K [0x00000000c1400000, 0x00000000c5800000, 0x00000000eb180000)
  object space 69632K, 37% used [0x00000000c1400000,0x00000000c2dd4be0,0x00000000c5800000)
 Metaspace       used 55546K, capacity 59004K, committed 59028K, reserved 1099776K
  class space    used 7553K, capacity 8109K, committed 8124K, reserved 1048576K
}

