# JRE version: OpenJDK Runtime Environment Temurin-17.0.3+7 (17.0.3+7) (build 17.0.3+7)
# Java VM: OpenJDK 64-Bit Server VM Temurin-17.0.3+7 (17.0.3+7, mixed mode, emulated-client, tiered, compressed oops, compressed class ptrs, g1 gc, windows-amd64)
GC Precious Log:
 CPUs: 4 total, 4 available
 Memory: 4009M
 Large Page Support: Disabled
 NUMA Support: Disabled
 Compressed Oops: Enabled (32-bit)
 Heap Region Size: 1M
 Heap Min Capacity: 8M
 Heap Initial Capacity: 64M
 Heap Max Capacity: 1004M
 Pre-touch: Disabled
 Parallel Workers: 4
 Concurrent Workers: 1
 Concurrent Refinement Workers: 4
 Periodic GC: Disabled
Heap:
 garbage-first heap   total 55296K, used 15547K [0x00000000c1400000, 0x0000000100000000)
  region size 1024K, 1 young (1024K), 0 survivors (0K)
 Metaspace       used 41291K, committed 41792K, reserved 1089536K
  class space    used 5704K, committed 5888K, reserved 1048576K
GC Heap History (20 events):
Event: 2067.380 GC heap before
{Heap before GC invocations=181 (full 136):
 garbage-first heap   total 55296K, used 15550K [0x00000000c1400000, 0x0000000100000000)
  region size 1024K, 1 young (1024K), 0 survivors (0K)
 Metaspace       used 41291K, committed 41792K, reserved 1089536K
  class space    used 5704K, committed 5888K, reserved 1048576K
}
Event: 2067.422 GC heap after
{Heap after GC invocations=182 (full 137):
 garbage-first heap   total 55296K, used 15550K [0x00000000c1400000, 0x0000000100000000)
  region size 1024K, 0 young (0K), 0 survivors (0K)
 Metaspace       used 41291K, committed 41792K, reserved 1089536K
  class space    used 5704K, committed 5888K, reserved 1048576K
}
Event: 2077.784 GC heap before
{Heap before GC invocations=182 (full 137):
 garbage-first heap   total 55296K, used 15550K [0x00000000c1400000, 0x0000000100000000)
  region size 1024K, 1 young (1024K), 0 survivors (0K)
 Metaspace       used 41291K, committed 41792K, reserved 1089536K
  class space    used 5704K, committed 5888K, reserved 1048576K
}
Event: 2077.826 GC heap after
{Heap after GC invocations=183 (full 138):
 garbage-first heap   total 55296K, used 15547K [0x00000000c1400000, 0x0000000100000000)
  region size 1024K, 0 young (0K), 0 survivors (0K)
 Metaspace       used 41291K, committed 41792K, reserved 1089536K
  class space    used 5704K, committed 5888K, reserved 1048576K
}
Event: 2088.228 GC heap before
{Heap before GC invocations=183 (full 138):
 garbage-first heap   total 55296K, used 15547K [0x00000000c1400000, 0x0000000100000000)
  region size 1024K, 1 young (1024K), 0 survivors (0K)
 Metaspace       used 41291K, committed 41792K, reserved 1089536K
  class space    used 5704K, committed 5888K, reserved 1048576K
}
Event: 2088.281 GC heap after
{Heap after GC invocations=184 (full 139):
 garbage-first heap   total 55296K, used 15547K [0x00000000c1400000, 0x0000000100000000)
  region size 1024K, 0 young (0K), 0 survivors (0K)
 Metaspace       used 41291K, committed 41792K, reserved 1089536K
  class space    used 5704K, committed 5888K, reserved 1048576K
}
Event: 2098.644 GC heap before
{Heap before GC invocations=184 (full 139):
 garbage-first heap   total 55296K, used 15547K [0x00000000c1400000, 0x0000000100000000)
  region size 1024K, 1 young (1024K), 0 survivors (0K)
 Metaspace       used 41291K, committed 41792K, reserved 1089536K
  class space    used 5704K, committed 5888K, reserved 1048576K
}
Event: 2098.690 GC heap after
{Heap after GC invocations=185 (full 140):
 garbage-first heap   total 55296K, used 15547K [0x00000000c1400000, 0x0000000100000000)
  region size 1024K, 0 young (0K), 0 survivors (0K)
 Metaspace       used 41291K, committed 41792K, reserved 1089536K
  class space    used 5704K, committed 5888K, reserved 1048576K
}
Event: 2110.422 GC heap before
{Heap before GC invocations=185 (full 140):
 garbage-first heap   total 55296K, used 15547K [0x00000000c1400000, 0x0000000100000000)
  region size 1024K, 1 young (1024K), 0 survivors (0K)
 Metaspace       used 41291K, committed 41792K, reserved 1089536K
  class space    used 5704K, committed 5888K, reserved 1048576K
}
Event: 2110.468 GC heap after
{Heap after GC invocations=186 (full 141):
 garbage-first heap   total 55296K, used 15547K [0x00000000c1400000, 0x0000000100000000)
  region size 1024K, 0 young (0K), 0 survivors (0K)
 Metaspace       used 41291K, committed 41792K, reserved 1089536K
  class space    used 5704K, committed 5888K, reserved 1048576K
}
Event: 2120.948 GC heap before
{Heap before GC invocations=186 (full 141):
 garbage-first heap   total 55296K, used 15547K [0x00000000c1400000, 0x0000000100000000)
  region size 1024K, 1 young (1024K), 0 survivors (0K)
 Metaspace       used 41291K, committed 41792K, reserved 1089536K
  class space    used 5704K, committed 5888K, reserved 1048576K
}
Event: 2120.995 GC heap after
{Heap after GC invocations=187 (full 142):
 garbage-first heap   total 55296K, used 15547K [0x00000000c1400000, 0x0000000100000000)
  region size 1024K, 0 young (0K), 0 survivors (0K)
 Metaspace       used 41291K, committed 41792K, reserved 1089536K
  class space    used 5704K, committed 5888K, reserved 1048576K
}
Event: 2131.435 GC heap before
{Heap before GC invocations=187 (full 142):
 garbage-first heap   total 55296K, used 15547K [0x00000000c1400000, 0x0000000100000000)
  region size 1024K, 1 young (1024K), 0 survivors (0K)
 Metaspace       used 41291K, committed 41792K, reserved 1089536K
  class space    used 5704K, committed 5888K, reserved 1048576K
}
Event: 2131.475 GC heap after
{Heap after GC invocations=188 (full 143):
 garbage-first heap   total 55296K, used 15547K [0x00000000c1400000, 0x0000000100000000)
  region size 1024K, 0 young (0K), 0 survivors (0K)
 Metaspace       used 41291K, committed 41792K, reserved 1089536K
  class space    used 5704K, committed 5888K, reserved 1048576K
}
Event: 2141.972 GC heap before
{Heap before GC invocations=188 (full 143):
 garbage-first heap   total 55296K, used 15547K [0x00000000c1400000, 0x0000000100000000)
  region size 1024K, 1 young (1024K), 0 survivors (0K)
 Metaspace       used 41291K, committed 41792K, reserved 1089536K
  class space    used 5704K, committed 5888K, reserved 1048576K
}
Event: 2142.013 GC heap after
{Heap after GC invocations=189 (full 144):
 garbage-first heap   total 55296K, used 15547K [0x00000000c1400000, 0x0000000100000000)
  region size 1024K, 0 young (0K), 0 survivors (0K)
 Metaspace       used 41291K, committed 41792K, reserved 1089536K
  class space    used 5704K, committed 5888K, reserved 1048576K
}
Event: 2152.452 GC heap before
{Heap before GC invocations=189 (full 144):
 garbage-first heap   total 55296K, used 15547K [0x00000000c1400000, 0x0000000100000000)
  region size 1024K, 1 young (1024K), 0 survivors (0K)
 Metaspace       used 41291K, committed 41792K, reserved 1089536K
  class space    used 5704K, committed 5888K, reserved 1048576K
}
Event: 2152.503 GC heap after
{Heap after GC invocations=190 (full 145):
 garbage-first heap   total 55296K, used 15547K [0x00000000c1400000, 0x0000000100000000)
  region size 1024K, 0 young (0K), 0 survivors (0K)
 Metaspace       used 41291K, committed 41792K, reserved 1089536K
  class space    used 5704K, committed 5888K, reserved 1048576K
}
Event: 2163.019 GC heap before
{Heap before GC invocations=190 (full 145):
 garbage-first heap   total 55296K, used 15547K [0x00000000c1400000, 0x0000000100000000)
  region size 1024K, 1 young (1024K), 0 survivors (0K)
 Metaspace       used 41291K, committed 41792K, reserved 1089536K
  class space    used 5704K, committed 5888K, reserved 1048576K
}
Event: 2163.063 GC heap after
{Heap after GC invocations=191 (full 146):
 garbage-first heap   total 55296K, used 15547K [0x00000000c1400000, 0x0000000100000000)
  region size 1024K, 0 young (0K), 0 survivors (0K)
 Metaspace       used 41291K, committed 41792K, reserved 1089536K
  class space    used 5704K, committed 5888K, reserved 1048576K
}

